<?xml version="1.0" encoding="UTF-8"?>
<!-- Generated by org.testng.reporters.JUnitReportReporter -->
<testsuite hostname="LAPTOP-0M17UIVA" failures="0" tests="4" name="testng.parameterization.DataProviderWithExcel" time="30.076" errors="0" timestamp="2024-01-08T08:56:33 IST" skipped="0">
  <testcase classname="testng.parameterization.DataProviderWithExcel" name="searchOnlineClasses" time="7.913"/>
  <testcase classname="testng.parameterization.DataProviderWithExcel" name="searchOnlineClasses" time="7.736"/>
  <testcase classname="testng.parameterization.DataProviderWithExcel" name="searchOnlineClasses" time="7.228"/>
  <testcase classname="testng.parameterization.DataProviderWithExcel" name="searchOnlineClasses" time="7.199"/>
</testsuite> <!-- testng.parameterization.DataProviderWithExcel -->
